f:\23mypractice1\remote_control\remotectrl\remotectrl\x64\debug\remotectrl.pch
f:\23mypractice1\remote_control\remotectrl\remotectrl\x64\debug\vc143.pdb
f:\23mypractice1\remote_control\remotectrl\remotectrl\x64\debug\vc143.idb
f:\23mypractice1\remote_control\remotectrl\remotectrl\x64\debug\pch.obj
f:\23mypractice1\remote_control\remotectrl\remotectrl\x64\debug\remotectrl.obj
f:\23mypractice1\remote_control\remotectrl\remotectrl\x64\debug\cserversocket.obj
f:\23mypractice1\remote_control\remotectrl\remotectrl\x64\debug\lockdialog.obj
f:\23mypractice1\remote_control\remotectrl\x64\debug\remotectrl.exe
f:\23mypractice1\remote_control\remotectrl\remotectrl\x64\debug\remotectrl.ilk
f:\23mypractice1\remote_control\remotectrl\x64\debug\remotectrl.pdb
f:\23mypractice1\remote_control\remotectrl\remotectrl\x64\debug\remotectrl.res
f:\23mypractice1\remote_control\remotectrl\remotectrl\x64\debug\remotectrl.tlog\cl.command.1.tlog
f:\23mypractice1\remote_control\remotectrl\remotectrl\x64\debug\remotectrl.tlog\cl.read.1.tlog
f:\23mypractice1\remote_control\remotectrl\remotectrl\x64\debug\remotectrl.tlog\cl.write.1.tlog
f:\23mypractice1\remote_control\remotectrl\remotectrl\x64\debug\remotectrl.tlog\link.command.1.tlog
f:\23mypractice1\remote_control\remotectrl\remotectrl\x64\debug\remotectrl.tlog\link.read.1.tlog
f:\23mypractice1\remote_control\remotectrl\remotectrl\x64\debug\remotectrl.tlog\link.write.1.tlog
f:\23mypractice1\remote_control\remotectrl\remotectrl\x64\debug\remotectrl.tlog\rc.command.1.tlog
f:\23mypractice1\remote_control\remotectrl\remotectrl\x64\debug\remotectrl.tlog\rc.read.1.tlog
f:\23mypractice1\remote_control\remotectrl\remotectrl\x64\debug\remotectrl.tlog\rc.write.1.tlog
